android-videostreamdecodingsample/app/build/intermediates/manifest_merge_blame_file/debug/manifest-merger-blame-debug-report.txt
1<?xml version="1.0" encoding="utf-8"?>
2<manifest xmlns:android="http://schemas.android.com/apk/res/android"
3    package="com.dji.videostreamdecodingsample" >
4
5    <uses-sdk
6        android:minSdkVersion="19"
6-->src/main/AndroidManifest.xml
7        android:targetSdkVersion="29" />
7-->src/main/AndroidManifest.xml
8
9    <uses-permission android:name="android.permission.VIBRATE" />
9-->src/main/AndroidManifest.xml:5:5-65
9-->src/main/AndroidManifest.xml:5:22-63
10    <uses-permission android:name="android.permission.INTERNET" />
10-->src/main/AndroidManifest.xml:6:5-66
10-->src/main/AndroidManifest.xml:6:22-64
11    <uses-permission android:name="android.permission.ACCESS_WIFI_STATE" />
11-->src/main/AndroidManifest.xml:7:5-75
11-->src/main/AndroidManifest.xml:7:22-73
12    <uses-permission android:name="android.permission.WAKE_LOCK" />
12-->src/main/AndroidManifest.xml:8:5-67
12-->src/main/AndroidManifest.xml:8:22-65
13    <uses-permission android:name="android.permission.ACCESS_COARSE_LOCATION" />
13-->src/main/AndroidManifest.xml:9:5-80
13-->src/main/AndroidManifest.xml:9:22-78
14    <uses-permission android:name="android.permission.ACCESS_NETWORK_STATE" />
14-->src/main/AndroidManifest.xml:10:5-78
14-->src/main/AndroidManifest.xml:10:22-76
15    <uses-permission android:name="android.permission.ACCESS_FINE_LOCATION" />
15-->src/main/AndroidManifest.xml:11:5-78
15-->src/main/AndroidManifest.xml:11:22-76
16    <uses-permission android:name="android.permission.CHANGE_WIFI_STATE" />
16-->src/main/AndroidManifest.xml:12:5-75
16-->src/main/AndroidManifest.xml:12:22-73
17    <uses-permission android:name="android.permission.MOUNT_UNMOUNT_FILESYSTEMS" />
17-->src/main/AndroidManifest.xml:13:5-83
17-->src/main/AndroidManifest.xml:13:22-81
18    <uses-permission android:name="android.permission.WRITE_EXTERNAL_STORAGE" />
18-->src/main/AndroidManifest.xml:14:5-80
18-->src/main/AndroidManifest.xml:14:22-78
19    <uses-permission android:name="android.permission.READ_EXTERNAL_STORAGE" />
19-->src/main/AndroidManifest.xml:15:5-79
19-->src/main/AndroidManifest.xml:15:22-77
20    <uses-permission android:name="android.permission.SYSTEM_ALERT_WINDOW" />
20-->src/main/AndroidManifest.xml:16:5-77
20-->src/main/AndroidManifest.xml:16:22-75
21    <uses-permission android:name="android.permission.READ_PHONE_STATE" />
21-->src/main/AndroidManifest.xml:17:5-74
21-->src/main/AndroidManifest.xml:17:22-72
22    <uses-permission android:name="android.permission.BLUETOOTH" />
22-->src/main/AndroidManifest.xml:18:5-67
22-->src/main/AndroidManifest.xml:18:22-65
23    <uses-permission android:name="android.permission.BLUETOOTH_ADMIN" />
23-->src/main/AndroidManifest.xml:19:5-74
23-->src/main/AndroidManifest.xml:19:22-71
24
25    <uses-feature android:name="android.hardware.camera" />
25-->src/main/AndroidManifest.xml:21:5-59
25-->src/main/AndroidManifest.xml:21:19-57
26    <uses-feature android:name="android.hardware.camera.autofocus" />
26-->src/main/AndroidManifest.xml:22:5-69
26-->src/main/AndroidManifest.xml:22:19-67
27    <uses-feature
27-->src/main/AndroidManifest.xml:23:5-25:35
28        android:name="android.hardware.usb.host"
28-->src/main/AndroidManifest.xml:24:9-49
29        android:required="false" />
29-->src/main/AndroidManifest.xml:25:9-33
30    <uses-feature
30-->src/main/AndroidManifest.xml:26:5-28:34
31        android:name="android.hardware.usb.accessory"
31-->src/main/AndroidManifest.xml:27:9-54
32        android:required="true" />
32-->src/main/AndroidManifest.xml:28:9-32
33
34    <uses-permission android:name="com.google.android.providers.gsf.permission.READ_GSERVICES" />
34-->[com.dji:dji-sdk:4.14-trial1] AndroidManifest.xml:14:5-98
34-->[com.dji:dji-sdk:4.14-trial1] AndroidManifest.xml:14:22-95
35    <uses-permission android:name="android.permission.WRITE_USER_DICTIONARY" />
35-->[com.dji:dji-sdk:4.14-trial1] AndroidManifest.xml:16:5-80
35-->[com.dji:dji-sdk:4.14-trial1] AndroidManifest.xml:16:22-77
36    <uses-permission android:name="android.permission.CHANGE_CONFIGURATION" />
36-->[com.dji:dji-sdk:4.14-trial1] AndroidManifest.xml:19:5-79
36-->[com.dji:dji-sdk:4.14-trial1] AndroidManifest.xml:19:22-76
37    <uses-permission android:name="android.permission.CHANGE_NETWORK_STATE" />
37-->[com.dji:dji-sdk:4.14-trial1] AndroidManifest.xml:22:5-79
37-->[com.dji:dji-sdk:4.14-trial1] AndroidManifest.xml:22:22-76
38    <uses-permission android:name="android.permission.RECORD_AUDIO" />
38-->[com.dji:dji-sdk:4.14-trial1] AndroidManifest.xml:24:5-71
38-->[com.dji:dji-sdk:4.14-trial1] AndroidManifest.xml:24:22-68
39    <uses-permission android:name="android.permission.CAMERA" /> <!-- video editor -->
39-->[com.dji:dji-sdk:4.14-trial1] AndroidManifest.xml:25:5-65
39-->[com.dji:dji-sdk:4.14-trial1] AndroidManifest.xml:25:22-62
40    <uses-permission android:name="android.permission.RECEIVE_BOOT_COMPLETED" />
40-->[com.dji:dji-sdk:4.14-trial1] AndroidManifest.xml:29:5-81
40-->[com.dji:dji-sdk:4.14-trial1] AndroidManifest.xml:29:22-78
41    <uses-permission android:name="android.permission.BROADCAST_STICKY" />
41-->[com.dji:dji-sdk:4.14-trial1] AndroidManifest.xml:30:5-75
41-->[com.dji:dji-sdk:4.14-trial1] AndroidManifest.xml:30:22-72
42    <uses-permission android:name="android.permission.WRITE_SETTINGS" />
42-->[com.dji:dji-sdk:4.14-trial1] AndroidManifest.xml:31:5-73
42-->[com.dji:dji-sdk:4.14-trial1] AndroidManifest.xml:31:22-70
43    <uses-permission android:name="android.permission.RECEIVE_USER_PRESENT" />
43-->[com.dji:dji-sdk:4.14-trial1] AndroidManifest.xml:32:5-79
43-->[com.dji:dji-sdk:4.14-trial1] AndroidManifest.xml:32:22-76
44    <uses-permission android:name="android.permission.KILL_BACKGROUND_PROCESSES" />
44-->[com.dji:dji-sdk:4.14-trial1] AndroidManifest.xml:33:5-84
44-->[com.dji:dji-sdk:4.14-trial1] AndroidManifest.xml:33:22-81
45    <uses-permission android:name="android.permission.READ_LOGS" /> <!-- share permission start -->
45-->[com.dji:dji-sdk:4.14-trial1] AndroidManifest.xml:34:5-68
45-->[com.dji:dji-sdk:4.14-trial1] AndroidManifest.xml:34:22-65
46    <uses-permission android:name="android.permission.GET_TASKS" />
46-->[com.dji:dji-sdk:4.14-trial1] AndroidManifest.xml:38:5-68
46-->[com.dji:dji-sdk:4.14-trial1] AndroidManifest.xml:38:22-65
47    <uses-permission android:name="android.permission.RAISED_THREAD_PRIORITY" />
47-->[com.dji:dji-sdk:4.14-trial1] AndroidManifest.xml:41:5-81
47-->[com.dji:dji-sdk:4.14-trial1] AndroidManifest.xml:41:22-78
48    <uses-permission android:name="android.permission.INTERACT_ACROSS_USERS_FULL" /> <!-- share permission end -->
48-->[com.dji:dji-sdk:4.14-trial1] AndroidManifest.xml:42:5-85
48-->[com.dji:dji-sdk:4.14-trial1] AndroidManifest.xml:42:22-82
49    <!-- livestreaming permission start -->
50    <uses-permission android:name="android.permission.USE_CREDENTIALS" />
50-->[com.dji:dji-sdk:4.14-trial1] AndroidManifest.xml:48:5-74
50-->[com.dji:dji-sdk:4.14-trial1] AndroidManifest.xml:48:22-71
51
52    <uses-feature
52-->[com.mapzen.android:lost:3.0.4] AndroidManifest.xml:9:5-11:36
53        android:name="android.hardware.sensor.accelerometer"
53-->[com.mapzen.android:lost:3.0.4] AndroidManifest.xml:10:9-61
54        android:required="false" />
54-->[com.mapzen.android:lost:3.0.4] AndroidManifest.xml:11:9-33
55    <uses-feature android:name="android.hardware.location" />
55-->[com.mapzen.android:lost:3.0.4] AndroidManifest.xml:12:5-62
55-->[com.mapzen.android:lost:3.0.4] AndroidManifest.xml:12:19-59
56    <uses-feature
56-->[com.mapzen.android:lost:3.0.4] AndroidManifest.xml:13:5-15:36
57        android:name="android.hardware.location.gps"
57-->[com.mapzen.android:lost:3.0.4] AndroidManifest.xml:14:9-53
58        android:required="false" />
58-->[com.mapzen.android:lost:3.0.4] AndroidManifest.xml:15:9-33
59    <uses-feature
59-->[com.mapzen.android:lost:3.0.4] AndroidManifest.xml:16:5-18:36
60        android:name="android.hardware.telephony"
60-->[com.mapzen.android:lost:3.0.4] AndroidManifest.xml:17:9-50
61        android:required="false" />
61-->[com.mapzen.android:lost:3.0.4] AndroidManifest.xml:18:9-33
62    <uses-feature android:name="android.hardware.wifi" />
62-->[com.mapzen.android:lost:3.0.4] AndroidManifest.xml:19:5-58
62-->[com.mapzen.android:lost:3.0.4] AndroidManifest.xml:19:19-55
63
64    <application
64-->src/main/AndroidManifest.xml:30:5-60:19
65        android:name="com.dji.videostreamdecodingsample.VideoDecodingApplication"
65-->src/main/AndroidManifest.xml:31:9-49
66        android:allowBackup="true"
66-->src/main/AndroidManifest.xml:32:9-35
67        android:appComponentFactory="androidx.core.app.CoreComponentFactory"
67-->[androidx.core:core:1.0.0] AndroidManifest.xml:22:18-86
68        android:debuggable="true"
69        android:label="@string/app_name_decoding_sample"
69-->src/main/AndroidManifest.xml:33:9-57
70        android:supportsRtl="true"
70-->src/main/AndroidManifest.xml:34:9-35
71        android:testOnly="true"
72        android:theme="@style/AppTheme" >
72-->src/main/AndroidManifest.xml:35:9-40
73        <uses-library
73-->src/main/AndroidManifest.xml:37:9-88
74            android:name="org.apache.http.legacy"
74-->src/main/AndroidManifest.xml:37:23-60
75            android:required="false" />
75-->src/main/AndroidManifest.xml:37:61-85
76
77        <meta-data
77-->src/main/AndroidManifest.xml:39:9-41:55
78            android:name="com.dji.sdk.API_KEY"
78-->src/main/AndroidManifest.xml:40:13-47
79            android:value="5b0dc0881aa3865e187852a2" />
79-->src/main/AndroidManifest.xml:41:13-53
80
81        <activity
81-->src/main/AndroidManifest.xml:43:9-55:20
82            android:name="com.dji.videostreamdecodingsample.ConnectionActivity"
82-->src/main/AndroidManifest.xml:44:13-47
83            android:launchMode="singleTop"
83-->src/main/AndroidManifest.xml:45:13-43
84            android:screenOrientation="portrait" >
84-->src/main/AndroidManifest.xml:46:13-49
85            <intent-filter>
85-->src/main/AndroidManifest.xml:47:13-51:29
86                <action android:name="android.intent.action.MAIN" />
86-->src/main/AndroidManifest.xml:48:17-68
86-->src/main/AndroidManifest.xml:48:25-66
87
88                <category android:name="android.intent.category.LAUNCHER" />
88-->src/main/AndroidManifest.xml:49:17-76
88-->src/main/AndroidManifest.xml:49:27-74
89
90                <action android:name="android.hardware.usb.action.USB_ACCESSORY_ATTACHED" />
90-->src/main/AndroidManifest.xml:50:17-92
90-->src/main/AndroidManifest.xml:50:25-90
91            </intent-filter>
92
93            <meta-data
93-->src/main/AndroidManifest.xml:52:13-54:59
94                android:name="android.hardware.usb.action.USB_ACCESSORY_ATTACHED"
94-->src/main/AndroidManifest.xml:53:17-82
95                android:resource="@xml/accessory_filter" />
95-->src/main/AndroidManifest.xml:54:17-57
96        </activity>
97        <activity
97-->src/main/AndroidManifest.xml:56:9-59:83
98            android:name="com.dji.videostreamdecodingsample.MainActivity"
98-->src/main/AndroidManifest.xml:56:19-47
99            android:configChanges="orientation|screenSize"
99-->src/main/AndroidManifest.xml:58:13-59
100            android:screenOrientation="sensorLandscape"
100-->src/main/AndroidManifest.xml:57:13-56
101            android:theme="@android:style/Theme.NoTitleBar.Fullscreen" />
101-->src/main/AndroidManifest.xml:59:13-71
102
103        <service
103-->[com.dji:dji-sdk:4.14-trial1] AndroidManifest.xml:59:9-61:43
104            android:name="dji.sdk.sdkmanager.DJIGlobalService"
104-->[com.dji:dji-sdk:4.14-trial1] AndroidManifest.xml:60:13-63
105            android:stopWithTask="true" />
105-->[com.dji:dji-sdk:4.14-trial1] AndroidManifest.xml:61:13-40
106
107        <receiver
107-->[com.dji:dji-sdk:4.14-trial1] AndroidManifest.xml:63:9-70:20
108            android:name="dji.logic.receiver.DJIPilotStartupReceiver"
108-->[com.dji:dji-sdk:4.14-trial1] AndroidManifest.xml:64:13-70
109            android:exported="true" >
109-->[com.dji:dji-sdk:4.14-trial1] AndroidManifest.xml:65:13-36
110            <intent-filter>
110-->[com.dji:dji-sdk:4.14-trial1] AndroidManifest.xml:66:13-69:29
111                <action android:name="dji.go3.STARTUP" />
111-->[com.dji:dji-sdk:4.14-trial1] AndroidManifest.xml:67:17-58
111-->[com.dji:dji-sdk:4.14-trial1] AndroidManifest.xml:67:25-55
112                <action android:name="dji.go4.STARTUP" />
112-->[com.dji:dji-sdk:4.14-trial1] AndroidManifest.xml:68:17-58
112-->[com.dji:dji-sdk:4.14-trial1] AndroidManifest.xml:68:25-55
113            </intent-filter>
114        </receiver>
115
116        <service
116-->[com.mapzen.android:lost:3.0.4] AndroidManifest.xml:22:9-24:39
117            android:name="com.mapzen.android.lost.internal.FusedLocationProviderService"
117-->[com.mapzen.android:lost:3.0.4] AndroidManifest.xml:23:13-89
118            android:process=":lost" />
118-->[com.mapzen.android:lost:3.0.4] AndroidManifest.xml:24:13-36
119        <service android:name="com.mapzen.android.lost.internal.GeofencingIntentService" >
119-->[com.mapzen.android:lost:3.0.4] AndroidManifest.xml:25:9-29:19
119-->[com.mapzen.android:lost:3.0.4] AndroidManifest.xml:25:18-89
120            <intent-filter>
120-->[com.mapzen.android:lost:3.0.4] AndroidManifest.xml:26:13-28:29
121                <action android:name="com.mapzen.lost.action.ACTION_GEOFENCING_SERVICE" />
121-->[com.mapzen.android:lost:3.0.4] AndroidManifest.xml:27:17-91
121-->[com.mapzen.android:lost:3.0.4] AndroidManifest.xml:27:25-88
122            </intent-filter>
123        </service>
124        <service android:name="com.mapzen.android.lost.internal.DwellIntentService" >
124-->[com.mapzen.android:lost:3.0.4] AndroidManifest.xml:30:9-31:19
124-->[com.mapzen.android:lost:3.0.4] AndroidManifest.xml:30:18-84
125        </service>
126
127        <provider
127-->[androidx.lifecycle:lifecycle-process:2.0.0-rc01] AndroidManifest.xml:23:9-27:43
128            android:name="androidx.lifecycle.ProcessLifecycleOwnerInitializer"
128-->[androidx.lifecycle:lifecycle-process:2.0.0-rc01] AndroidManifest.xml:24:13-79
129            android:authorities="com.dji.videostreamdecodingsample.lifecycle-process"
129-->[androidx.lifecycle:lifecycle-process:2.0.0-rc01] AndroidManifest.xml:25:13-69
130            android:exported="false"
130-->[androidx.lifecycle:lifecycle-process:2.0.0-rc01] AndroidManifest.xml:26:13-37
131            android:multiprocess="true" />
131-->[androidx.lifecycle:lifecycle-process:2.0.0-rc01] AndroidManifest.xml:27:13-40
132    </application>
133
134</manifest>